<?xml version="1.0" encoding="UTF-8"?>
<!-- Generated by org.testng.reporters.JUnitReportReporter -->
<testsuite hostname="DESKTOP-R3QST2J" name="com.todos.tests.AddTodoTest" tests="1" failures="0" timestamp="12 Feb 2021 20:12:39 GMT" time="43.665" errors="0">
  <testcase name="iCanAddTodo" time="43.665" classname="com.todos.tests.AddTodoTest"/>
</testsuite> <!-- com.todos.tests.AddTodoTest -->
